<?xml version="1.0" encoding="UTF-8"?>
<testng-results skipped="0" failed="0" ignored="0" total="1" passed="1">
  <reporter-output>
  </reporter-output>
  <suite name="UNIFY_Automation" duration-ms="11755" started-at="2020-01-28T10:54:28Z" finished-at="2020-01-28T10:54:40Z">
    <groups>
    </groups>
    <test name="Debugging_Purpose" duration-ms="11755" started-at="2020-01-28T10:54:28Z" finished-at="2020-01-28T10:54:40Z">
      <class name="com.unify.testPages.BillingPageTest">
        <test-method status="PASS" signature="setupBrowser(java.lang.String)[pri:0, instance:com.unify.testPages.BillingPageTest@754ba872]" name="setupBrowser" is-config="true" duration-ms="2345" started-at="2020-01-28T10:54:28Z" finished-at="2020-01-28T10:54:30Z">
          <params>
            <param index="0">
              <value>
                <![CDATA[chrome]]>
              </value>
            </param>
          </params>
          <reporter-output>
          </reporter-output>
        </test-method> <!-- setupBrowser -->
        <test-method status="PASS" signature="setup()[pri:0, instance:com.unify.testPages.BillingPageTest@754ba872]" name="setup" is-config="true" duration-ms="3146" started-at="2020-01-28T10:54:30Z" finished-at="2020-01-28T10:54:33Z">
          <reporter-output>
          </reporter-output>
        </test-method> <!-- setup -->
        <test-method status="PASS" signature="VerifyRC_Charges()[pri:0, instance:com.unify.testPages.BillingPageTest@754ba872]" name="VerifyRC_Charges" duration-ms="6225" started-at="2020-01-28T10:54:33Z" finished-at="2020-01-28T10:54:40Z">
          <reporter-output>
          </reporter-output>
        </test-method> <!-- VerifyRC_Charges -->
      </class> <!-- com.unify.testPages.BillingPageTest -->
    </test> <!-- Debugging_Purpose -->
  </suite> <!-- UNIFY_Automation -->
</testng-results>
